<?xml version="1.0" encoding="UTF-8"?>
<!-- Generated by org.testng.reporters.JUnitReportReporter -->
<testsuite skipped="8" hostname="Harshal" name="com.tests.ProductPageValidation" tests="16" failures="0" timestamp="2022-07-06T02:14:30 IST" time="58.976" errors="0">
  <testcase name="verifyDescription" time="7.196" classname="com.tests.ProductPageValidation"/>
  <system-out/>
  <testcase name="ProductNavigation" time="8.149" classname="com.tests.ProductPageValidation"/>
  <system-out/>
  <testcase name="verifyDescription" time="7.254" classname="com.tests.ProductPageValidation"/>
  <system-out/>
  <testcase name="ProductNavigation" time="7.426" classname="com.tests.ProductPageValidation"/>
  <system-out/>
  <testcase name="verifyDescription" time="7.192" classname="com.tests.ProductPageValidation"/>
  <system-out/>
  <testcase name="verifyDescription" time="7.094" classname="com.tests.ProductPageValidation"/>
  <system-out/>
  <testcase name="ProductNavigation" time="7.572" classname="com.tests.ProductPageValidation"/>
  <system-out/>
  <testcase name="ProductNavigation" time="7.093" classname="com.tests.ProductPageValidation"/>
  <system-out/>
  <testcase name="verifyQuantity" classname="com.tests.ProductPageValidation">
    <skipped/>
  </testcase> <!-- verifyQuantity -->
  <system-out/>
  <testcase name="CartAddDate" classname="com.tests.ProductPageValidation">
    <skipped/>
  </testcase> <!-- CartAddDate -->
  <system-out/>
  <testcase name="VerifyReviews" classname="com.tests.ProductPageValidation">
    <skipped/>
  </testcase> <!-- VerifyReviews -->
  <system-out/>
  <testcase name="VerifyFields" classname="com.tests.ProductPageValidation">
    <skipped/>
  </testcase> <!-- VerifyFields -->
  <system-out/>
  <testcase name="verifySpecification" classname="com.tests.ProductPageValidation">
    <skipped/>
  </testcase> <!-- verifySpecification -->
  <system-out/>
  <testcase name="verifyMandatoryFields" classname="com.tests.ProductPageValidation">
    <skipped/>
  </testcase> <!-- verifyMandatoryFields -->
  <system-out/>
  <testcase name="VerifyAddToCart" classname="com.tests.ProductPageValidation">
    <skipped/>
  </testcase> <!-- VerifyAddToCart -->
  <system-out/>
  <testcase name="ReviewFunc" classname="com.tests.ProductPageValidation">
    <skipped/>
  </testcase> <!-- ReviewFunc -->
  <system-out/>
</testsuite> <!-- com.tests.ProductPageValidation -->
