<?xml version="1.0" encoding="UTF-8"?>
<!-- Generated by org.testng.reporters.JUnitReportReporter -->
<testsuite skipped="7" hostname="Harshal" name="com.tests.ProductPageValidation" tests="11" failures="0" timestamp="2022-07-08T00:57:28 IST" time="36.407" errors="0">
  <testcase name="verifySpecification" time="8.255" classname="com.tests.ProductPageValidation"/>
  <system-out/>
  <testcase name="verifySpecification" time="10.197" classname="com.tests.ProductPageValidation"/>
  <system-out/>
  <testcase name="verifySpecification" time="7.773" classname="com.tests.ProductPageValidation"/>
  <system-out/>
  <testcase name="verifySpecification" time="10.182" classname="com.tests.ProductPageValidation"/>
  <system-out/>
  <testcase name="verifyQuantity" classname="com.tests.ProductPageValidation">
    <skipped/>
  </testcase> <!-- verifyQuantity -->
  <system-out/>
  <testcase name="CartAddDate" classname="com.tests.ProductPageValidation">
    <skipped/>
  </testcase> <!-- CartAddDate -->
  <system-out/>
  <testcase name="VerifyReviews" classname="com.tests.ProductPageValidation">
    <skipped/>
  </testcase> <!-- VerifyReviews -->
  <system-out/>
  <testcase name="VerifyFields" classname="com.tests.ProductPageValidation">
    <skipped/>
  </testcase> <!-- VerifyFields -->
  <system-out/>
  <testcase name="verifyMandatoryFields" classname="com.tests.ProductPageValidation">
    <skipped/>
  </testcase> <!-- verifyMandatoryFields -->
  <system-out/>
  <testcase name="VerifyAddToCart" classname="com.tests.ProductPageValidation">
    <skipped/>
  </testcase> <!-- VerifyAddToCart -->
  <system-out/>
  <testcase name="ReviewFunc" classname="com.tests.ProductPageValidation">
    <skipped/>
  </testcase> <!-- ReviewFunc -->
  <system-out/>
</testsuite> <!-- com.tests.ProductPageValidation -->
